show run
Building configuration...

Current configuration : 6094 bytes
!
! Last configuration change at 13:14:28 UTC Thu Jul 14 2022
!
version 17.3
service timestamps debug datetime msec
service timestamps log datetime msec
! Call-home is enabled by Smart-Licensing.
service call-home
platform qfp utilization monitor load 80
platform punt-keepalive disable-kernel-core
platform console serial
!
hostname Source
!
boot-start-marker
boot-end-marker
!
!
!
no aaa new-model
!
!
!
!
!
!
!
!
!
!
login on-success log
!
!
!
!
!
!
!
subscriber templating
! 
! 
! 
! 
!
!
multilink bundle-name authenticated
!
!
!
!
!
!
!
!
!
!
!
!
!
!
!
crypto pki trustpoint TP-self-signed-3465355088
 enrollment selfsigned
 subject-name cn=IOS-Self-Signed-Certificate-3465355088
 revocation-check none
 rsakeypair TP-self-signed-3465355088
!
crypto pki trustpoint SLA-TrustPoint
 enrollment pkcs12
 revocation-check crl
!
!
crypto pki certificate chain TP-self-signed-3465355088
 certificate self-signed 01
  30820330 30820218 A0030201 02020101 300D0609 2A864886 F70D0101 05050030 
  31312F30 2D060355 04031326 494F532D 53656C66 2D536967 6E65642D 43657274 
  69666963 6174652D 33343635 33353530 3838301E 170D3232 30373134 31333130 
  30335A17 0D333230 37313331 33313030 335A3031 312F302D 06035504 03132649 
  4F532D53 656C662D 5369676E 65642D43 65727469 66696361 74652D33 34363533 
  35353038 38308201 22300D06 092A8648 86F70D01 01010500 0382010F 00308201 
  0A028201 01009F0D 643FAD54 0C953D05 94BD085E 3B01362A 7FA4BD81 5FC886DC 
  9D0BD92E 519D221D BE044BB8 72E65509 EE4C5610 8929DCED F3560CB6 030E5D56 
  46F9EB35 8E370D67 E24C0CB9 60E7E244 36C69D5F 58A559E5 FCAC5FA0 621B24AB 
  DBF8E77D 5AC8A180 9056D4FD 79AC0254 477BD21A ADAADD5C B5469FF0 5D45366E 
  E422D736 45CDD6BB 0BECBC3D 8B246529 F973554D F5E0E17D 52CB5A45 675DB6E5 
  3CA8C723 B173AC30 806F8838 9646CE07 9483A179 2AD15789 787EF03A 7D7B59A0 
  DB90854B F2C0E9E3 99A263BB ED5CB9F6 7F49674F D8DA4B40 A70DC7C7 77A76D40 
  733ABE73 D128D395 F0A7222D 75D18279 26910FF6 E104FCAD 6D54712A 566EDF09 
  B0C10CD1 13090203 010001A3 53305130 0F060355 1D130101 FF040530 030101FF 
  301F0603 551D2304 18301680 1489782A 38D58CAF CA2DE98B 98193618 3844A4B4 
  FC301D06 03551D0E 04160414 89782A38 D58CAFCA 2DE98B98 19361838 44A4B4FC 
  300D0609 2A864886 F70D0101 05050003 82010100 82CCD710 DF5A51B7 A5896521 
  7138EE8D CD41FF4B 7B461DEE B5B80CFB 5ED3B497 D5C03CDE 68D53FBB 6FBB4151 
  AB7AC0DE 9FA47BE2 42242EDF A2AD2916 A26D6973 A0A704B9 F6303CC9 38374C28 
  666C921E B339C077 1D0AAB2D 6D935B11 753F9F31 F9E89F91 587AF582 1EEFAAD7 
  2C0F6743 FC5DF874 09F5451C B1E32EEE 4B4930CD B8E5B46A E83F9EB5 081BCFDD 
  52C8A789 C1F75AD4 22CDD13D 88EF7EA6 8582E6BF 46C13997 148E337C E63612B6 
  A6DF4937 8E47991B D4B49586 7B59B999 62201634 23885760 76D6E6BF 57A87C33 
  73BE8AE4 A9066101 36B67757 838804DE EDA6D07E F085A4DA 74139E08 B036C994 
  AACD5B68 05EE76D9 0C0E9BF3 8FE7A5B3 F18E301F
  	quit
crypto pki certificate chain SLA-TrustPoint
 certificate ca 01
  30820321 30820209 A0030201 02020101 300D0609 2A864886 F70D0101 0B050030 
  32310E30 0C060355 040A1305 43697363 6F312030 1E060355 04031317 43697363 
  6F204C69 63656E73 696E6720 526F6F74 20434130 1E170D31 33303533 30313934 
  3834375A 170D3338 30353330 31393438 34375A30 32310E30 0C060355 040A1305 
  43697363 6F312030 1E060355 04031317 43697363 6F204C69 63656E73 696E6720 
  526F6F74 20434130 82012230 0D06092A 864886F7 0D010101 05000382 010F0030 
  82010A02 82010100 A6BCBD96 131E05F7 145EA72C 2CD686E6 17222EA1 F1EFF64D 
  CBB4C798 212AA147 C655D8D7 9471380D 8711441E 1AAF071A 9CAE6388 8A38E520 
  1C394D78 462EF239 C659F715 B98C0A59 5BBB5CBD 0CFEBEA3 700A8BF7 D8F256EE 
  4AA4E80D DB6FD1C9 60B1FD18 FFC69C96 6FA68957 A2617DE7 104FDC5F EA2956AC 
  7390A3EB 2B5436AD C847A2C5 DAB553EB 69A9A535 58E9F3E3 C0BD23CF 58BD7188 
  68E69491 20F320E7 948E71D7 AE3BCC84 F10684C7 4BC8E00F 539BA42B 42C68BB7 
  C7479096 B4CB2D62 EA2F505D C7B062A4 6811D95B E8250FC4 5D5D5FB8 8F27D191 
  C55F0D76 61F9A4CD 3D992327 A8BB03BD 4E6D7069 7CBADF8B DF5F4368 95135E44 
  DFC7C6CF 04DD7FD1 02030100 01A34230 40300E06 03551D0F 0101FF04 04030201 
  06300F06 03551D13 0101FF04 05300301 01FF301D 0603551D 0E041604 1449DC85 
  4B3D31E5 1B3E6A17 606AF333 3D3B4C73 E8300D06 092A8648 86F70D01 010B0500 
  03820101 00507F24 D3932A66 86025D9F E838AE5C 6D4DF6B0 49631C78 240DA905 
  604EDCDE FF4FED2B 77FC460E CD636FDB DD44681E 3A5673AB 9093D3B1 6C9E3D8B 
  D98987BF E40CBD9E 1AECA0C2 2189BB5C 8FA85686 CD98B646 5575B146 8DFC66A8 
  467A3DF4 4D565700 6ADF0F0D CF835015 3C04FF7C 21E878AC 11BA9CD2 55A9232C 
  7CA7B7E6 C1AF74F6 152E99B7 B1FCF9BB E973DE7F 5BDDEB86 C71E3B49 1765308B 
  5FB0DA06 B92AFE7F 494E8A9E 07B85737 F3A58BE1 1A48A229 C37C1E69 39F08678 
  80DDCD16 D6BACECA EEBC7CF9 8428787B 35202CDC 60E4616A B623CDBD 230E3AFB 
  418616A9 4093E049 4D10AB75 27E86F73 932E35B5 8862FDAE 0275156F 719BB2F0 
  D697DF7F 28
  	quit
!
license udi pid CSR1000V sn 96CUUTKSBSY
diagnostic bootup level minimal
memory free low-watermark processor 71507
!
!
spanning-tree extend system-id
!
!
redundancy
!
!
!
!
!
!
!
! 
!
!
!
!
!
!
!
!
!
!
!
!
!
! 
! 
!
!
interface GigabitEthernet1
 ip address 10.100.1.10 255.255.255.0
 ip pim sparse-mode
 negotiation auto
 no mop enabled
 no mop sysid
!
interface GigabitEthernet2
 no ip address
 shutdown
 negotiation auto
 no mop enabled
 no mop sysid
!
interface GigabitEthernet3
 no ip address
 shutdown
 negotiation auto
 no mop enabled
 no mop sysid
!
interface GigabitEthernet4
 no ip address
 shutdown
 negotiation auto
 no mop enabled
 no mop sysid
!
ip forward-protocol nd
ip http server
ip http authentication local
ip http secure-server
!
ip route 0.0.0.0 0.0.0.0 10.100.1.254
!
!
!
!
!
!
!
control-plane
!
!
!
!
!
!
line con 0
 exec-timeout 0 0
 privilege level 15
 stopbits 1
line vty 0 4
 login
 transport input ssh
!
call-home
 ! If contact email address in call-home is configured as sch-smart-licensing@cisco.com
 ! the email address configured in Cisco Smart License Portal will be used as contact email address to send SCH notifications.
 contact-email-addr sch-smart-licensing@cisco.com
 profile "CiscoTAC-1"
  active
  destination transport-method http
!
!
!
!
!
end

Source#