
User Access Verification
Leaf2 login: admin
Password: 

Cisco NX-OS Software
Copyright (c) 2002-2022, Cisco Systems, Inc. All rights reserved.
Nexus 9000v software ("Nexus 9000v Software") and related documentation,
files or other reference materials ("Documentation") are
the proprietary property and confidential information of Cisco
Systems, Inc. ("Cisco") and are protected, without limitation,
pursuant to United States and International copyright and trademark
laws in the applicable jurisdiction which provide civil and criminal
penalties for copying or distribution without Cisco's authorization.

Any use or disclosure, in whole or in part, of the Nexus 9000v Software
or Documentation to any third party for any purposes is expressly
prohibited except as otherwise authorized by Cisco in writing.
The copyrights to certain works contained herein are owned by other
third parties and are used and distributed under license. Some parts
of this software may be covered under the GNU Public License or the
GNU Lesser General Public License. A copy of each such license is
available at
http://www.gnu.org/licenses/gpl.html and
http://www.gnu.org/licenses/lgpl.html
***************************************************************************
*  Nexus 9000v is strictly limited to use for evaluation, demonstration   *
*  and NX-OS education. Any use or disclosure, in whole or in part of     *
*  the Nexus 9000v Software or Documentation to any third party for any   *
*  purposes is expressly prohibited except as otherwise authorized by     *
*  Cisco in writing.                                                      *
***************************************************************************
Leaf2# term len 0
Leaf2# show run

!Command: show running-config
!No configuration change since last restart
!Time: Fri May 27 10:14:28 2022

version 10.2(3) Bios:version  
hostname Leaf2
vdc Leaf2 id 1
  limit-resource vlan minimum 16 maximum 4094
  limit-resource vrf minimum 2 maximum 4096
  limit-resource port-channel minimum 0 maximum 511
  limit-resource m4route-mem minimum 58 maximum 58
  limit-resource m6route-mem minimum 8 maximum 8

nv overlay evpn
feature ospf
feature bgp
feature pim
feature interface-vlan
feature vn-segment-vlan-based
feature nv overlay

no password strength-check
username admin password 5 $5$DPDLNO$XufK/P436LC1aM5ZCt0tOMUNSFD9Si/0va1k//5akzD  role network-admin
ip domain-lookup
copp profile strict
snmp-server user admin network-admin auth md5 480E6219CF7CC2378ADED0B56C240D665B1F priv aes-128 01730669AABB04BF34067B64A2B8BDA29697 localizedV2key
rmon event 1 log trap public description FATAL(1) owner PMON@FATAL
rmon event 2 log trap public description CRITICAL(2) owner PMON@CRITICAL
rmon event 3 log trap public description ERROR(3) owner PMON@ERROR
rmon event 4 log trap public description WARNING(4) owner PMON@WARNING
rmon event 5 log trap public description INFORMATION(5) owner PMON@INFO

fabric forwarding anycast-gateway-mac 0001.0001.0001
ip pim rp-address 12.12.12.12 group-list 224.0.0.0/4
ip pim ssm range 232.0.0.0/8
vlan 1,100-101,500
vlan 100
  vn-segment 10000
vlan 101
  vn-segment 10001
vlan 500
  vn-segment 50000

route-map DIRECT permit 10
vrf context EVPN_A
  vni 50000
  rd auto
  address-family ipv4 unicast
    route-target both auto
    route-target both auto evpn
vrf context management


interface Vlan1

interface Vlan100
  no shutdown
  vrf member EVPN_A
  ip address 10.150.1.254/24
  fabric forwarding mode anycast-gateway

interface Vlan101
  no shutdown
  vrf member EVPN_A
  ip address 10.150.2.254/24
  fabric forwarding mode anycast-gateway

interface Vlan500
  no shutdown
  vrf member EVPN_A
  ip forward

interface nve1
  no shutdown
  host-reachability protocol bgp
  source-interface loopback1
  member vni 10000
    mcast-group 239.1.1.1
  member vni 10001
    mcast-group 239.1.1.2
  member vni 50000 associate-vrf

interface Ethernet1/1
  no switchport
  ip address 10.2.10.2/24
  ip ospf network point-to-point
  ip router ospf 100 area 0.0.0.0
  ip pim sparse-mode
  no shutdown

interface Ethernet1/2
  no switchport
  ip address 10.2.20.2/24
  ip ospf network point-to-point
  ip router ospf 100 area 0.0.0.0
  ip pim sparse-mode
  no shutdown

interface Ethernet1/3

interface Ethernet1/4

interface Ethernet1/5

interface Ethernet1/6
  switchport access vlan 100

interface Ethernet1/7
  switchport access vlan 101

interface Ethernet1/8

interface Ethernet1/9

interface Ethernet1/10

interface Ethernet1/11

interface Ethernet1/12

interface Ethernet1/13

interface Ethernet1/14

interface Ethernet1/15

interface Ethernet1/16

interface Ethernet1/17

interface Ethernet1/18

interface Ethernet1/19

interface Ethernet1/20

interface Ethernet1/21

interface Ethernet1/22

interface Ethernet1/23

interface Ethernet1/24

interface Ethernet1/25

interface Ethernet1/26

interface Ethernet1/27

interface Ethernet1/28

interface Ethernet1/29

interface Ethernet1/30

interface Ethernet1/31

interface Ethernet1/32

interface Ethernet1/33

interface Ethernet1/34

interface Ethernet1/35

interface Ethernet1/36

interface Ethernet1/37

interface Ethernet1/38

interface Ethernet1/39

interface Ethernet1/40

interface Ethernet1/41

interface Ethernet1/42

interface Ethernet1/43

interface Ethernet1/44

interface Ethernet1/45

interface Ethernet1/46

interface Ethernet1/47

interface Ethernet1/48

interface Ethernet1/49

interface Ethernet1/50

interface Ethernet1/51

interface Ethernet1/52

interface Ethernet1/53

interface Ethernet1/54

interface Ethernet1/55

interface Ethernet1/56

interface Ethernet1/57

interface Ethernet1/58

interface Ethernet1/59

interface Ethernet1/60

interface Ethernet1/61

interface Ethernet1/62

interface Ethernet1/63

interface Ethernet1/64

interface mgmt0
  vrf member management

interface loopback0
  ip address 2.2.2.2/32
  ip router ospf 100 area 0.0.0.0
  ip pim sparse-mode

interface loopback1
  ip address 192.168.2.2/32
  ip router ospf 100 area 0.0.0.0
  ip pim sparse-mode

interface loopback100
  vrf member EVPN_A
  ip address 100.1.1.2/32
icam monitor scale

line console
  exec-timeout 0
line vty
boot nxos bootflash:/nxos64-cs.10.2.3.F.bin 
router ospf 100
  router-id 2.2.2.2
router bgp 100
  router-id 192.168.2.2
  address-family l2vpn evpn
  neighbor 10.10.10.10
    remote-as 100
    update-source loopback0
    address-family l2vpn evpn
      send-community extended
  neighbor 20.20.20.20
    remote-as 100
    update-source loopback0
    address-family l2vpn evpn
      send-community extended
  vrf EVPN_A
    address-family ipv4 unicast
      network 100.1.1.2/32
      redistribute direct route-map DIRECT



Leaf2# 