[J[J[Jend
Spine2# term len 0
Spine2# show run

!Command: show running-config
!Running configuration last done at: Fri May 27 10:41:58 2022
!Time: Fri May 27 10:55:51 2022

version 10.2(3) Bios:version  
hostname Spine2
vdc Spine2 id 1
  limit-resource vlan minimum 16 maximum 4094
  limit-resource vrf minimum 2 maximum 4096
  limit-resource port-channel minimum 0 maximum 511
  limit-resource m4route-mem minimum 58 maximum 58
  limit-resource m6route-mem minimum 8 maximum 8

nv overlay evpn
feature ospf
feature bgp
feature pim

no password strength-check
username admin password 5 $5$OOIDFP$DZhS6dzzG/FAEj5tEKEG96c4uIRa1/NCruFkp373rx5  role network-admin
ip domain-lookup
copp profile strict
snmp-server user admin network-admin auth md5 040FC0286DB61BD85DDCFC344D37B83D9FFA priv aes-128 0152C27D7E9456DA68D6E05C5925FF66B091 localizedV2key
rmon event 1 log trap public description FATAL(1) owner PMON@FATAL
rmon event 2 log trap public description CRITICAL(2) owner PMON@CRITICAL
rmon event 3 log trap public description ERROR(3) owner PMON@ERROR
rmon event 4 log trap public description WARNING(4) owner PMON@WARNING
rmon event 5 log trap public description INFORMATION(5) owner PMON@INFO

ip pim ssm range 232.0.0.0/8
vlan 1

vrf context management

interface Ethernet1/1
  no switchport
  ip address 10.1.20.20/24
  ip ospf network point-to-point
  ip router ospf 100 area 0.0.0.0
  ip pim sparse-mode
  no shutdown

interface Ethernet1/2
  no switchport
  ip address 10.2.20.20/24
  ip ospf network point-to-point
  ip router ospf 100 area 0.0.0.0
  ip pim sparse-mode
  no shutdown

interface Ethernet1/3

interface Ethernet1/4
  no switchport
  ip address 10.3.20.20/24
  ip ospf network point-to-point
  ip router ospf 100 area 0.0.0.0
  ip pim sparse-mode
  no shutdown

interface Ethernet1/5

interface Ethernet1/6

interface Ethernet1/7

interface Ethernet1/8

interface Ethernet1/9

interface Ethernet1/10

interface Ethernet1/11

interface Ethernet1/12

interface Ethernet1/13

interface Ethernet1/14

interface Ethernet1/15

interface Ethernet1/16

interface Ethernet1/17

interface Ethernet1/18

interface Ethernet1/19

interface Ethernet1/20

interface Ethernet1/21

interface Ethernet1/22

interface Ethernet1/23

interface Ethernet1/24

interface Ethernet1/25

interface Ethernet1/26

interface Ethernet1/27

interface Ethernet1/28

interface Ethernet1/29

interface Ethernet1/30

interface Ethernet1/31

interface Ethernet1/32

interface Ethernet1/33

interface Ethernet1/34

interface Ethernet1/35

interface Ethernet1/36

interface Ethernet1/37

interface Ethernet1/38

interface Ethernet1/39

interface Ethernet1/40

interface Ethernet1/41

interface Ethernet1/42

interface Ethernet1/43

interface Ethernet1/44

interface Ethernet1/45

interface Ethernet1/46

interface Ethernet1/47

interface Ethernet1/48

interface Ethernet1/49

interface Ethernet1/50

interface Ethernet1/51

interface Ethernet1/52

interface Ethernet1/53

interface Ethernet1/54

interface Ethernet1/55

interface Ethernet1/56

interface Ethernet1/57

interface Ethernet1/58

interface Ethernet1/59

interface Ethernet1/60

interface Ethernet1/61

interface Ethernet1/62

interface Ethernet1/63

interface Ethernet1/64

interface mgmt0
  vrf member management

interface loopback0
  ip address 20.20.20.20/32
  ip router ospf 100 area 0.0.0.0
  ip pim sparse-mode
icam monitor scale

line console
  exec-timeout 0
line vty
boot nxos bootflash:/nxos64-cs.10.2.3.F.bin 
router ospf 100
  router-id 20.20.20.20
router bgp 100
  router-id 20.20.20.20
  address-family l2vpn evpn
  neighbor 1.1.1.1
    remote-as 100
    update-source loopback0
    address-family l2vpn evpn
      send-community extended
      route-reflector-client
  neighbor 2.2.2.2
    remote-as 100
    update-source loopback0
    address-family l2vpn evpn
      send-community extended
      route-reflector-client
  neighbor 3.3.3.3
    remote-as 100
    update-source loopback0
    address-family l2vpn evpn
      send-community extended
      route-reflector-client



Spine2# 